[2021-04-14 21:44:15]	[done]
	build successfully !

[2021-04-15 00:01:02]	[done]
	build successfully !

[2021-04-15 00:30:27]	link failed !, exit code: 1
   在 unify_builder.Program.Main(String[] args)

[2021-04-15 00:30:50]	link failed !, exit code: 1
   在 unify_builder.Program.Main(String[] args)

[2021-04-15 00:31:26]	link failed !, exit code: 1
   在 unify_builder.Program.Main(String[] args)

[2021-04-15 00:33:10]	link failed !, exit code: 1
   在 unify_builder.Program.Main(String[] args)

[2021-04-15 00:34:32]	link failed !, exit code: 1
   在 unify_builder.Program.Main(String[] args)

[2021-04-15 00:35:16]	link failed !, exit code: 1
   在 unify_builder.Program.Main(String[] args)

[2021-04-15 00:35:32]	link failed !, exit code: 1
   在 unify_builder.Program.Main(String[] args)

[2021-04-15 00:38:21]	compilation failed at : "c:\Users\Harry\Desktop\MCU_homework\ex2_Bell\user\src\systick.c", exit code: 1
   在 unify_builder.Program.Main(String[] args)

[2021-04-15 00:40:03]	[done]
	build successfully !

[2021-04-15 00:40:50]	[done]
	build successfully !

[2021-04-15 00:41:49]	[done]
	build successfully !

