[2021-03-05 16:29:22]	compilation failed at : "c:\Users\Harry\Desktop\MCU_homework\ShiningLED\Src\main.c", exit code: 1
   在 unify_builder.Program.compileByMulThread(Int32 thrNum, CmdInfo[] cmds, List`1 doneList)
   在 unify_builder.Program.Main(String[] args)

[2021-03-05 16:34:16]	[done]
	build successfully !

[2021-03-05 16:34:53]	compilation failed at : "c:\Users\Harry\Desktop\MCU_homework\ShiningLED\Src\main.c", exit code: 1
   在 unify_builder.Program.Main(String[] args)

[2021-03-05 16:35:17]	compilation failed at : "c:\Users\Harry\Desktop\MCU_homework\ShiningLED\Src\main.c", exit code: 1
   在 unify_builder.Program.Main(String[] args)

[2021-03-05 16:35:26]	[done]
	build successfully !

[2021-03-05 16:36:11]	[done]
	build successfully !

[2021-03-05 16:36:42]	[done]
	build successfully !

[2021-03-05 16:37:17]	[done]
	build successfully !

[2021-03-05 16:38:19]	[done]
	build successfully !

[2021-03-05 21:22:28]	[done]
	build successfully !

[2021-03-05 21:43:14]	link failed !, exit code: 1
   在 unify_builder.Program.Main(String[] args)

[2021-03-05 21:43:24]	compilation failed at : "c:\Users\Harry\Desktop\MCU_homework\作业4_流水灯\MDK-ARM\startup_stm32f107xc.s", exit code: 1
   在 unify_builder.Program.compileByMulThread(Int32 thrNum, CmdInfo[] cmds, List`1 doneList)
   在 unify_builder.Program.Main(String[] args)

[2021-03-05 21:44:03]	[done]
	build successfully !

